[thisisarmor.com/about/index.html]
[cdn.jsdelivr.net/jquery.slick/1.6.0/slick.css]
[backblue.gif]
[fade.gif]
[index.html]
[thisisarmor.com/wp-content/themes/armor/style5010.css]
[thisisarmor.com/wp-content/uploads/2017/10/ripe-hero.jpg]
[thisisarmor.com/wp-content/uploads/2017/09/zeeno.jpg]
[thisisarmor.com/wp-content/uploads/2017/10/hv-hero-2.jpg]
[thisisarmor.com/wp-content/uploads/2017/10/dan-hughes-full.jpg]
[thisisarmor.com/wp-content/uploads/2017/10/chris-reif-full.jpg]
[thisisarmor.com/wp-content/uploads/2018/03/hilary-sedgwick-full.jpg]
[thisisarmor.com/wp-content/uploads/2018/08/mike-bray-full.png]
[thisisarmor.com/wp-content/uploads/2017/10/scott-peters-full.jpg]
[ajax.googleapis.com/ajax/libs/jquery/3.2.1/jquery.min.js]
[unpkg.com/scrollreveal@4.0.5/dist/scrollreveal.min.js]
[cdn.jsdelivr.net/jquery.slick/1.6.0/slick.min.js]
[thisisarmor.com/wp-content/themes/armor/js/_vendors.js]
[thisisarmor.com/wp-content/themes/armor/js/main.js]
[thisisarmor.com/about/index.html]
[cdn.jsdelivr.net/jquery.slick/1.6.0/slick.css]
[thisisarmor.com/wp-includes/js/wp-embed.min5010.js]
[use.typekit.net/apq6esv.css]
[thisisarmor.com/wp-content/themes/armor/fonts/armor-icons.eot]
[thisisarmor.com/wp-content/themes/armor/fonts/armor-icons.woff]
[thisisarmor.com/wp-content/themes/armor/style5010.css]
[thisisarmor.com/wp-content/themes/armor/js/_vendors.js]
[thisisarmor.com/wp-content/themes/armor/js/main.js]
[thisisarmor.com/wp-includes/js/wp-embed.min5010.js]
[use.typekit.net/af/ac6334/000000000000000000012059/27/le196]
[use.typekit.net/af/ac6334/000000000000000000012059/27/de196]
[use.typekit.net/af/ac6334/000000000000000000012059/27/ae196]
[use.typekit.net/af/5464d5/00000000000000000001205a/27/lfdcc]
[use.typekit.net/af/5464d5/00000000000000000001205a/27/dfdcc]
[use.typekit.net/af/5464d5/00000000000000000001205a/27/afdcc]
[use.typekit.net/af/04ec74/00000000000000000001205b/27/l652f]
[use.typekit.net/af/04ec74/00000000000000000001205b/27/d652f]
[use.typekit.net/af/04ec74/00000000000000000001205b/27/a652f]
[use.typekit.net/af/1aea0d/000000000000000000012106/27/l3eab]
[use.typekit.net/af/1aea0d/000000000000000000012106/27/d3eab]
[use.typekit.net/af/1aea0d/000000000000000000012106/27/a3eab]
[use.typekit.net/af/7d3178/0000000000000000000164c6/27/lc150]
[use.typekit.net/af/7d3178/0000000000000000000164c6/27/dc150]
[use.typekit.net/af/7d3178/0000000000000000000164c6/27/ac150]
[use.typekit.net/af/233b59/0000000000000000000164c8/27/l652f]
[use.typekit.net/af/233b59/0000000000000000000164c8/27/d652f]
[use.typekit.net/af/233b59/0000000000000000000164c8/27/a652f]
[use.typekit.net/af/520c05/0000000000000000000164ca/27/le003]
[use.typekit.net/af/520c05/0000000000000000000164ca/27/de003]
[use.typekit.net/af/520c05/0000000000000000000164ca/27/ae003]
[use.typekit.net/af/5b100b/0000000000000000000164d0/27/l7238]
[use.typekit.net/af/5b100b/0000000000000000000164d0/27/d7238]
[use.typekit.net/af/5b100b/0000000000000000000164d0/27/a7238]
[use.typekit.net/af/f63ea2/0000000000000000000164d2/27/l3eab]
[use.typekit.net/af/f63ea2/0000000000000000000164d2/27/d3eab]
[use.typekit.net/apq6esv.css]
[p.typekit.net/p5f50.css]
[use.typekit.net/af/f63ea2/0000000000000000000164d2/27/a3eab]
